  Using triplet "x86-windows" from "A:\Github_Desktop\vcpkg\installed\x86-windows\"
  mpc.c
C:\Users\Shmoozel\source\repos\C\LispInC\mpc.c(108,5): error C4996: 'strcpy': This function or variable may be unsafe. Consider using strcpy_s instead. To disable deprecation, use _CRT_SECURE_NO_WARNINGS. See online help for details.
C:\Users\Shmoozel\source\repos\C\LispInC\mpc.c(114,5): error C4996: 'strcpy': This function or variable may be unsafe. Consider using strcpy_s instead. To disable deprecation, use _CRT_SECURE_NO_WARNINGS. See online help for details.
C:\Users\Shmoozel\source\repos\C\LispInC\mpc.c(137,5): error C4996: 'strcpy': This function or variable may be unsafe. Consider using strcpy_s instead. To disable deprecation, use _CRT_SECURE_NO_WARNINGS. See online help for details.
C:\Users\Shmoozel\source\repos\C\LispInC\mpc.c(143,5): error C4996: 'strncpy': This function or variable may be unsafe. Consider using strncpy_s instead. To disable deprecation, use _CRT_SECURE_NO_WARNINGS. See online help for details.
C:\Users\Shmoozel\source\repos\C\LispInC\mpc.c(168,5): error C4996: 'strcpy': This function or variable may be unsafe. Consider using strcpy_s instead. To disable deprecation, use _CRT_SECURE_NO_WARNINGS. See online help for details.
C:\Users\Shmoozel\source\repos\C\LispInC\mpc.c(197,5): error C4996: 'strcpy': This function or variable may be unsafe. Consider using strcpy_s instead. To disable deprecation, use _CRT_SECURE_NO_WARNINGS. See online help for details.
C:\Users\Shmoozel\source\repos\C\LispInC\mpc.c(542,5): error C4996: 'strcpy': This function or variable may be unsafe. Consider using strcpy_s instead. To disable deprecation, use _CRT_SECURE_NO_WARNINGS. See online help for details.
C:\Users\Shmoozel\source\repos\C\LispInC\mpc.c(605,15): error C4996: 'vsprintf': This function or variable may be unsafe. Consider using vsprintf_s instead. To disable deprecation, use _CRT_SECURE_NO_WARNINGS. See online help for details.
C:\Users\Shmoozel\source\repos\C\LispInC\mpc.c(676,5): error C4996: 'strcpy': This function or variable may be unsafe. Consider using strcpy_s instead. To disable deprecation, use _CRT_SECURE_NO_WARNINGS. See online help for details.
C:\Users\Shmoozel\source\repos\C\LispInC\mpc.c(681,5): error C4996: 'strcpy': This function or variable may be unsafe. Consider using strcpy_s instead. To disable deprecation, use _CRT_SECURE_NO_WARNINGS. See online help for details.
C:\Users\Shmoozel\source\repos\C\LispInC\mpc.c(692,5): error C4996: 'strcpy': This function or variable may be unsafe. Consider using strcpy_s instead. To disable deprecation, use _CRT_SECURE_NO_WARNINGS. See online help for details.
C:\Users\Shmoozel\source\repos\C\LispInC\mpc.c(697,5): error C4996: 'strcpy': This function or variable may be unsafe. Consider using strcpy_s instead. To disable deprecation, use _CRT_SECURE_NO_WARNINGS. See online help for details.
C:\Users\Shmoozel\source\repos\C\LispInC\mpc.c(706,5): error C4996: 'strcpy': This function or variable may be unsafe. Consider using strcpy_s instead. To disable deprecation, use _CRT_SECURE_NO_WARNINGS. See online help for details.
C:\Users\Shmoozel\source\repos\C\LispInC\mpc.c(711,5): error C4996: 'strcpy': This function or variable may be unsafe. Consider using strcpy_s instead. To disable deprecation, use _CRT_SECURE_NO_WARNINGS. See online help for details.
C:\Users\Shmoozel\source\repos\C\LispInC\mpc.c(751,5): error C4996: 'strcpy': This function or variable may be unsafe. Consider using strcpy_s instead. To disable deprecation, use _CRT_SECURE_NO_WARNINGS. See online help for details.
C:\Users\Shmoozel\source\repos\C\LispInC\mpc.c(772,5): error C4996: 'strcpy': This function or variable may be unsafe. Consider using strcpy_s instead. To disable deprecation, use _CRT_SECURE_NO_WARNINGS. See online help for details.
C:\Users\Shmoozel\source\repos\C\LispInC\mpc.c(785,13): error C4996: 'strcpy': This function or variable may be unsafe. Consider using strcpy_s instead. To disable deprecation, use _CRT_SECURE_NO_WARNINGS. See online help for details.
C:\Users\Shmoozel\source\repos\C\LispInC\mpc.c(824,9): error C4996: 'strcpy': This function or variable may be unsafe. Consider using strcpy_s instead. To disable deprecation, use _CRT_SECURE_NO_WARNINGS. See online help for details.
C:\Users\Shmoozel\source\repos\C\LispInC\mpc.c(825,9): error C4996: 'strcat': This function or variable may be unsafe. Consider using strcat_s instead. To disable deprecation, use _CRT_SECURE_NO_WARNINGS. See online help for details.
C:\Users\Shmoozel\source\repos\C\LispInC\mpc.c(843,9): error C4996: 'strcpy': This function or variable may be unsafe. Consider using strcpy_s instead. To disable deprecation, use _CRT_SECURE_NO_WARNINGS. See online help for details.
C:\Users\Shmoozel\source\repos\C\LispInC\mpc.c(845,13): error C4996: 'strcat': This function or variable may be unsafe. Consider using strcat_s instead. To disable deprecation, use _CRT_SECURE_NO_WARNINGS. See online help for details.
C:\Users\Shmoozel\source\repos\C\LispInC\mpc.c(847,9): error C4996: 'strcat': This function or variable may be unsafe. Consider using strcat_s instead. To disable deprecation, use _CRT_SECURE_NO_WARNINGS. See online help for details.
C:\Users\Shmoozel\source\repos\C\LispInC\mpc.c(848,9): error C4996: 'strcat': This function or variable may be unsafe. Consider using strcat_s instead. To disable deprecation, use _CRT_SECURE_NO_WARNINGS. See online help for details.
C:\Users\Shmoozel\source\repos\C\LispInC\mpc.c(849,9): error C4996: 'strcat': This function or variable may be unsafe. Consider using strcat_s instead. To disable deprecation, use _CRT_SECURE_NO_WARNINGS. See online help for details.
C:\Users\Shmoozel\source\repos\C\LispInC\mpc.c(871,5): error C4996: 'sprintf': This function or variable may be unsafe. Consider using sprintf_s instead. To disable deprecation, use _CRT_SECURE_NO_WARNINGS. See online help for details.
C:\Users\Shmoozel\source\repos\C\LispInC\mpc.c(959,5): error C2061: syntax error: identifier 'mpc_pdata_and_tand'
C:\Users\Shmoozel\source\repos\C\LispInC\mpc.c(961,1): error C2059: syntax error: '}'
C:\Users\Shmoozel\source\repos\C\LispInC\mpc.c(965,5): error C2061: syntax error: identifier 'mpc_pdata_t'
C:\Users\Shmoozel\source\repos\C\LispInC\mpc.c(968,1): error C2059: syntax error: '}'
C:\Users\Shmoozel\source\repos\C\LispInC\mpc.c(986,31): error C4996: 'strcat': This function or variable may be unsafe. Consider using strcat_s instead. To disable deprecation, use _CRT_SECURE_NO_WARNINGS. See online help for details.
C:\Users\Shmoozel\source\repos\C\LispInC\mpc.c(1064,16): error C2037: left of 'type' specifies undefined struct/union 'mpc_parser_t'
C:\Users\Shmoozel\source\repos\C\LispInC\mpc.c(1069,28): error C2037: left of 'data' specifies undefined struct/union 'mpc_parser_t'
C:\Users\Shmoozel\source\repos\C\LispInC\mpc.c(1069,28): warning C4047: 'function': 'char' differs in levels of indirection from 'char **'
C:\Users\Shmoozel\source\repos\C\LispInC\mpc.c(1069,28): warning C4024: 'mpc_input_char': different types for formal and actual parameter 2
C:\Users\Shmoozel\source\repos\C\LispInC\mpc.c(1069,28): error C2198: 'mpc_input_char': too few arguments for call
C:\Users\Shmoozel\source\repos\C\LispInC\mpc.c(1070,28): error C2037: left of 'data' specifies undefined struct/union 'mpc_parser_t'
C:\Users\Shmoozel\source\repos\C\LispInC\mpc.c(1070,28): warning C4047: 'function': 'char' differs in levels of indirection from 'char **'
C:\Users\Shmoozel\source\repos\C\LispInC\mpc.c(1070,28): warning C4024: 'mpc_input_range': different types for formal and actual parameter 2
C:\Users\Shmoozel\source\repos\C\LispInC\mpc.c(1070,28): error C2198: 'mpc_input_range': too few arguments for call
C:\Users\Shmoozel\source\repos\C\LispInC\mpc.c(1071,28): error C2037: left of 'data' specifies undefined struct/union 'mpc_parser_t'
C:\Users\Shmoozel\source\repos\C\LispInC\mpc.c(1071,28): warning C4047: 'function': 'const char *' differs in levels of indirection from 'char **'
C:\Users\Shmoozel\source\repos\C\LispInC\mpc.c(1071,28): warning C4024: 'mpc_input_oneof': different types for formal and actual parameter 2
C:\Users\Shmoozel\source\repos\C\LispInC\mpc.c(1071,28): error C2198: 'mpc_input_oneof': too few arguments for call
C:\Users\Shmoozel\source\repos\C\LispInC\mpc.c(1072,28): error C2037: left of 'data' specifies undefined struct/union 'mpc_parser_t'
C:\Users\Shmoozel\source\repos\C\LispInC\mpc.c(1072,28): warning C4047: 'function': 'const char *' differs in levels of indirection from 'char **'
C:\Users\Shmoozel\source\repos\C\LispInC\mpc.c(1072,28): warning C4024: 'mpc_input_noneof': different types for formal and actual parameter 2
C:\Users\Shmoozel\source\repos\C\LispInC\mpc.c(1072,28): error C2198: 'mpc_input_noneof': too few arguments for call
C:\Users\Shmoozel\source\repos\C\LispInC\mpc.c(1073,28): error C2037: left of 'data' specifies undefined struct/union 'mpc_parser_t'
C:\Users\Shmoozel\source\repos\C\LispInC\mpc.c(1073,28): warning C4047: 'function': 'int (__cdecl *)(char)' differs in levels of indirection from 'char **'
C:\Users\Shmoozel\source\repos\C\LispInC\mpc.c(1073,28): warning C4024: 'mpc_input_satisfy': different types for formal and actual parameter 2
C:\Users\Shmoozel\source\repos\C\LispInC\mpc.c(1073,28): error C2198: 'mpc_input_satisfy': too few arguments for call
C:\Users\Shmoozel\source\repos\C\LispInC\mpc.c(1074,28): error C2037: left of 'data' specifies undefined struct/union 'mpc_parser_t'
C:\Users\Shmoozel\source\repos\C\LispInC\mpc.c(1074,28): warning C4047: 'function': 'const char *' differs in levels of indirection from 'char **'
C:\Users\Shmoozel\source\repos\C\LispInC\mpc.c(1074,28): warning C4024: 'mpc_input_string': different types for formal and actual parameter 2
C:\Users\Shmoozel\source\repos\C\LispInC\mpc.c(1074,28): error C2198: 'mpc_input_string': too few arguments for call
C:\Users\Shmoozel\source\repos\C\LispInC\mpc.c(1075,28): error C2037: left of 'data' specifies undefined struct/union 'mpc_parser_t'
C:\Users\Shmoozel\source\repos\C\LispInC\mpc.c(1075,28): warning C4047: 'function': 'int (__cdecl *)(char,char)' differs in levels of indirection from 'char **'
C:\Users\Shmoozel\source\repos\C\LispInC\mpc.c(1075,28): warning C4024: 'mpc_input_anchor': different types for formal and actual parameter 2
C:\Users\Shmoozel\source\repos\C\LispInC\mpc.c(1075,28): error C2198: 'mpc_input_anchor': too few arguments for call
C:\Users\Shmoozel\source\repos\C\LispInC\mpc.c(1083,30): error C2037: left of 'data' specifies undefined struct/union 'mpc_parser_t'
C:\Users\Shmoozel\source\repos\C\LispInC\mpc.c(1083,30): error C2198: 'mpc_err_fail': too few arguments for call
C:\Users\Shmoozel\source\repos\C\LispInC\mpc.c(1084,30): error C2037: left of 'data' specifies undefined struct/union 'mpc_parser_t'
C:\Users\Shmoozel\source\repos\C\LispInC\mpc.c(1085,30): error C2037: left of 'data' specifies undefined struct/union 'mpc_parser_t'
C:\Users\Shmoozel\source\repos\C\LispInC\mpc.c(1091,33): error C2037: left of 'data' specifies undefined struct/union 'mpc_parser_t'
C:\Users\Shmoozel\source\repos\C\LispInC\mpc.c(1091,48): warning C4133: 'function': incompatible types - from 'mpc_result_t *' to 'mpc_parser_t *'
C:\Users\Shmoozel\source\repos\C\LispInC\mpc.c(1091,51): warning C4047: 'function': 'mpc_result_t *' differs in levels of indirection from 'mpc_err_t **'
C:\Users\Shmoozel\source\repos\C\LispInC\mpc.c(1091,51): warning C4024: 'mpc_parse_run': different types for formal and actual parameter 3
C:\Users\Shmoozel\source\repos\C\LispInC\mpc.c(1091,62): warning C4047: 'function': 'mpc_err_t **' differs in levels of indirection from 'int'
C:\Users\Shmoozel\source\repos\C\LispInC\mpc.c(1091,62): warning C4024: 'mpc_parse_run': different types for formal and actual parameter 4
C:\Users\Shmoozel\source\repos\C\LispInC\mpc.c(1091,62): error C2198: 'mpc_parse_run': too few arguments for call
C:\Users\Shmoozel\source\repos\C\LispInC\mpc.c(1092,13): error C2037: left of 'data' specifies undefined struct/union 'mpc_parser_t'
C:\Users\Shmoozel\source\repos\C\LispInC\mpc.c(1092,13): error C2198: 'mpc_parse_apply': too few arguments for call
C:\Users\Shmoozel\source\repos\C\LispInC\mpc.c(1099,33): error C2037: left of 'data' specifies undefined struct/union 'mpc_parser_t'
C:\Users\Shmoozel\source\repos\C\LispInC\mpc.c(1099,51): warning C4133: 'function': incompatible types - from 'mpc_result_t *' to 'mpc_parser_t *'
C:\Users\Shmoozel\source\repos\C\LispInC\mpc.c(1099,54): warning C4047: 'function': 'mpc_result_t *' differs in levels of indirection from 'mpc_err_t **'
C:\Users\Shmoozel\source\repos\C\LispInC\mpc.c(1099,54): warning C4024: 'mpc_parse_run': different types for formal and actual parameter 3
C:\Users\Shmoozel\source\repos\C\LispInC\mpc.c(1099,65): warning C4047: 'function': 'mpc_err_t **' differs in levels of indirection from 'int'
C:\Users\Shmoozel\source\repos\C\LispInC\mpc.c(1099,65): warning C4024: 'mpc_parse_run': different types for formal and actual parameter 4
C:\Users\Shmoozel\source\repos\C\LispInC\mpc.c(1099,65): error C2198: 'mpc_parse_run': too few arguments for call
C:\Users\Shmoozel\source\repos\C\LispInC\mpc.c(1100,13): error C2037: left of 'data' specifies undefined struct/union 'mpc_parser_t'
C:\Users\Shmoozel\source\repos\C\LispInC\mpc.c(1100,13): error C2198: 'mpc_parse_apply_to': too few arguments for call
C:\Users\Shmoozel\source\repos\C\LispInC\mpc.c(1107,33): error C2037: left of 'data' specifies undefined struct/union 'mpc_parser_t'
C:\Users\Shmoozel\source\repos\C\LispInC\mpc.c(1107,48): warning C4133: 'function': incompatible types - from 'mpc_result_t *' to 'mpc_parser_t *'
C:\Users\Shmoozel\source\repos\C\LispInC\mpc.c(1107,51): warning C4047: 'function': 'mpc_result_t *' differs in levels of indirection from 'mpc_err_t **'
C:\Users\Shmoozel\source\repos\C\LispInC\mpc.c(1107,51): warning C4024: 'mpc_parse_run': different types for formal and actual parameter 3
C:\Users\Shmoozel\source\repos\C\LispInC\mpc.c(1107,62): warning C4047: 'function': 'mpc_err_t **' differs in levels of indirection from 'int'
C:\Users\Shmoozel\source\repos\C\LispInC\mpc.c(1107,62): warning C4024: 'mpc_parse_run': different types for formal and actual parameter 4
C:\Users\Shmoozel\source\repos\C\LispInC\mpc.c(1107,62): error C2198: 'mpc_parse_run': too few arguments for call
C:\Users\Shmoozel\source\repos\C\LispInC\mpc.c(1108,20): error C2037: left of 'data' specifies undefined struct/union 'mpc_parser_t'
C:\Users\Shmoozel\source\repos\C\LispInC\mpc.c(1112,38): error C2037: left of 'data' specifies undefined struct/union 'mpc_parser_t'
C:\Users\Shmoozel\source\repos\C\LispInC\mpc.c(1112,62): error C2198: 'mpc_parse_dtor': too few arguments for call
C:\Users\Shmoozel\source\repos\C\LispInC\mpc.c(1113,17): error C2037: left of 'data' specifies undefined struct/union 'mpc_parser_t'
C:\Users\Shmoozel\source\repos\C\LispInC\mpc.c(1113,17): error C2198: 'mpc_err_fail': too few arguments for call
C:\Users\Shmoozel\source\repos\C\LispInC\mpc.c(1121,33): error C2037: left of 'data' specifies undefined struct/union 'mpc_parser_t'
C:\Users\Shmoozel\source\repos\C\LispInC\mpc.c(1121,53): warning C4133: 'function': incompatible types - from 'mpc_result_t *' to 'mpc_parser_t *'
C:\Users\Shmoozel\source\repos\C\LispInC\mpc.c(1121,56): warning C4047: 'function': 'mpc_result_t *' differs in levels of indirection from 'mpc_err_t **'
C:\Users\Shmoozel\source\repos\C\LispInC\mpc.c(1121,56): warning C4024: 'mpc_parse_run': different types for formal and actual parameter 3
C:\Users\Shmoozel\source\repos\C\LispInC\mpc.c(1121,67): warning C4047: 'function': 'mpc_err_t **' differs in levels of indirection from 'int'
C:\Users\Shmoozel\source\repos\C\LispInC\mpc.c(1121,67): warning C4024: 'mpc_parse_run': different types for formal and actual parameter 4
C:\Users\Shmoozel\source\repos\C\LispInC\mpc.c(1121,67): error C2198: 'mpc_parse_run': too few arguments for call
C:\Users\Shmoozel\source\repos\C\LispInC\mpc.c(1122,20): error C2037: left of 'data' specifies undefined struct/union 'mpc_parser_t'
C:\Users\Shmoozel\source\repos\C\LispInC\mpc.c(1122,53): error C2037: left of 'data' specifies undefined struct/union 'mpc_parser_t'
C:\Users\Shmoozel\source\repos\C\LispInC\mpc.c(1126,38): error C2037: left of 'data' specifies undefined struct/union 'mpc_parser_t'
C:\Users\Shmoozel\source\repos\C\LispInC\mpc.c(1126,62): error C2198: 'mpc_parse_dtor': too few arguments for call
C:\Users\Shmoozel\source\repos\C\LispInC\mpc.c(1127,17): error C2037: left of 'data' specifies undefined struct/union 'mpc_parser_t'
C:\Users\Shmoozel\source\repos\C\LispInC\mpc.c(1127,17): error C2198: 'mpc_err_fail': too few arguments for call
C:\Users\Shmoozel\source\repos\C\LispInC\mpc.c(1136,33): error C2037: left of 'data' specifies undefined struct/union 'mpc_parser_t'
C:\Users\Shmoozel\source\repos\C\LispInC\mpc.c(1136,49): warning C4133: 'function': incompatible types - from 'mpc_result_t *' to 'mpc_parser_t *'
C:\Users\Shmoozel\source\repos\C\LispInC\mpc.c(1136,52): warning C4047: 'function': 'mpc_result_t *' differs in levels of indirection from 'mpc_err_t **'
C:\Users\Shmoozel\source\repos\C\LispInC\mpc.c(1136,52): warning C4024: 'mpc_parse_run': different types for formal and actual parameter 3
C:\Users\Shmoozel\source\repos\C\LispInC\mpc.c(1136,63): warning C4047: 'function': 'mpc_err_t **' differs in levels of indirection from 'int'
C:\Users\Shmoozel\source\repos\C\LispInC\mpc.c(1136,63): warning C4024: 'mpc_parse_run': different types for formal and actual parameter 4
C:\Users\Shmoozel\source\repos\C\LispInC\mpc.c(1136,63): error C2198: 'mpc_parse_run': too few arguments for call
C:\Users\Shmoozel\source\repos\C\LispInC\mpc.c(1142,13): error C2037: left of 'data' specifies undefined struct/union 'mpc_parser_t'
C:\Users\Shmoozel\source\repos\C\LispInC\mpc.c(1142,13): error C2198: 'mpc_err_new': too few arguments for call
C:\Users\Shmoozel\source\repos\C\LispInC\mpc.c(1147,33): error C2037: left of 'data' specifies undefined struct/union 'mpc_parser_t'
C:\Users\Shmoozel\source\repos\C\LispInC\mpc.c(1147,50): warning C4133: 'function': incompatible types - from 'mpc_result_t *' to 'mpc_parser_t *'
C:\Users\Shmoozel\source\repos\C\LispInC\mpc.c(1147,53): warning C4047: 'function': 'mpc_result_t *' differs in levels of indirection from 'mpc_err_t **'
C:\Users\Shmoozel\source\repos\C\LispInC\mpc.c(1147,53): warning C4024: 'mpc_parse_run': different types for formal and actual parameter 3
C:\Users\Shmoozel\source\repos\C\LispInC\mpc.c(1147,64): warning C4047: 'function': 'mpc_err_t **' differs in levels of indirection from 'int'
C:\Users\Shmoozel\source\repos\C\LispInC\mpc.c(1147,64): warning C4024: 'mpc_parse_run': different types for formal and actual parameter 4
C:\Users\Shmoozel\source\repos\C\LispInC\mpc.c(1147,64): error C2198: 'mpc_parse_run': too few arguments for call
C:\Users\Shmoozel\source\repos\C\LispInC\mpc.c(1163,33): error C2037: left of 'data' specifies undefined struct/union 'mpc_parser_t'
C:\Users\Shmoozel\source\repos\C\LispInC\mpc.c(1163,46): warning C4133: 'function': incompatible types - from 'mpc_result_t *' to 'mpc_parser_t *'
C:\Users\Shmoozel\source\repos\C\LispInC\mpc.c(1163,49): warning C4047: 'function': 'mpc_result_t *' differs in levels of indirection from 'mpc_err_t **'
C:\Users\Shmoozel\source\repos\C\LispInC\mpc.c(1163,49): warning C4024: 'mpc_parse_run': different types for formal and actual parameter 3
C:\Users\Shmoozel\source\repos\C\LispInC\mpc.c(1163,60): warning C4047: 'function': 'mpc_err_t **' differs in levels of indirection from 'int'
C:\Users\Shmoozel\source\repos\C\LispInC\mpc.c(1163,60): warning C4024: 'mpc_parse_run': different types for formal and actual parameter 4
C:\Users\Shmoozel\source\repos\C\LispInC\mpc.c(1163,60): error C2198: 'mpc_parse_run': too few arguments for call
C:\Users\Shmoozel\source\repos\C\LispInC\mpc.c(1166,34): error C2037: left of 'data' specifies undefined struct/union 'mpc_parser_t'
C:\Users\Shmoozel\source\repos\C\LispInC\mpc.c(1166,56): error C2198: 'mpc_parse_dtor': too few arguments for call
C:\Users\Shmoozel\source\repos\C\LispInC\mpc.c(1172,13): error C2037: left of 'data' specifies undefined struct/union 'mpc_parser_t'
C:\Users\Shmoozel\source\repos\C\LispInC\mpc.c(1176,33): error C2037: left of 'data' specifies undefined struct/union 'mpc_parser_t'
C:\Users\Shmoozel\source\repos\C\LispInC\mpc.c(1176,46): warning C4133: 'function': incompatible types - from 'mpc_result_t *' to 'mpc_parser_t *'
C:\Users\Shmoozel\source\repos\C\LispInC\mpc.c(1176,49): warning C4047: 'function': 'mpc_result_t *' differs in levels of indirection from 'mpc_err_t **'
C:\Users\Shmoozel\source\repos\C\LispInC\mpc.c(1176,49): warning C4024: 'mpc_parse_run': different types for formal and actual parameter 3
C:\Users\Shmoozel\source\repos\C\LispInC\mpc.c(1176,60): warning C4047: 'function': 'mpc_err_t **' differs in levels of indirection from 'int'
C:\Users\Shmoozel\source\repos\C\LispInC\mpc.c(1176,60): warning C4024: 'mpc_parse_run': different types for formal and actual parameter 4
C:\Users\Shmoozel\source\repos\C\LispInC\mpc.c(1176,60): error C2198: 'mpc_parse_run': too few arguments for call
C:\Users\Shmoozel\source\repos\C\LispInC\mpc.c(1181,13): error C2037: left of 'data' specifies undefined struct/union 'mpc_parser_t'
C:\Users\Shmoozel\source\repos\C\LispInC\mpc.c(1190,36): error C2037: left of 'data' specifies undefined struct/union 'mpc_parser_t'
C:\Users\Shmoozel\source\repos\C\LispInC\mpc.c(1190,62): warning C4133: 'function': incompatible types - from 'mpc_result_t *' to 'mpc_parser_t *'
C:\Users\Shmoozel\source\repos\C\LispInC\mpc.c(1190,65): warning C4047: 'function': 'mpc_result_t *' differs in levels of indirection from 'mpc_err_t **'
C:\Users\Shmoozel\source\repos\C\LispInC\mpc.c(1190,65): warning C4024: 'mpc_parse_run': different types for formal and actual parameter 3
C:\Users\Shmoozel\source\repos\C\LispInC\mpc.c(1190,76): warning C4047: 'function': 'mpc_err_t **' differs in levels of indirection from 'int'
C:\Users\Shmoozel\source\repos\C\LispInC\mpc.c(1190,76): warning C4024: 'mpc_parse_run': different types for formal and actual parameter 4
C:\Users\Shmoozel\source\repos\C\LispInC\mpc.c(1190,76): error C2198: 'mpc_parse_run': too few arguments for call
C:\Users\Shmoozel\source\repos\C\LispInC\mpc.c(1207,1): error C2037: left of 'data' specifies undefined struct/union 'mpc_parser_t'
C:\Users\Shmoozel\source\repos\C\LispInC\mpc.c(1207,1): warning C4022: 'mpc_parse_fold': pointer mismatch for actual parameter 2
C:\Users\Shmoozel\source\repos\C\LispInC\mpc.c(1207,1): warning C4047: 'function': 'int' differs in levels of indirection from 'mpc_val_t **'
C:\Users\Shmoozel\source\repos\C\LispInC\mpc.c(1207,1): warning C4024: 'mpc_parse_fold': different types for formal and actual parameter 3
C:\Users\Shmoozel\source\repos\C\LispInC\mpc.c(1207,1): error C2198: 'mpc_parse_fold': too few arguments for call
C:\Users\Shmoozel\source\repos\C\LispInC\mpc.c(1213,36): error C2037: left of 'data' specifies undefined struct/union 'mpc_parser_t'
C:\Users\Shmoozel\source\repos\C\LispInC\mpc.c(1213,62): warning C4133: 'function': incompatible types - from 'mpc_result_t *' to 'mpc_parser_t *'
C:\Users\Shmoozel\source\repos\C\LispInC\mpc.c(1213,65): warning C4047: 'function': 'mpc_result_t *' differs in levels of indirection from 'mpc_err_t **'
C:\Users\Shmoozel\source\repos\C\LispInC\mpc.c(1213,65): warning C4024: 'mpc_parse_run': different types for formal and actual parameter 3
C:\Users\Shmoozel\source\repos\C\LispInC\mpc.c(1213,76): warning C4047: 'function': 'mpc_err_t **' differs in levels of indirection from 'int'
C:\Users\Shmoozel\source\repos\C\LispInC\mpc.c(1213,76): warning C4024: 'mpc_parse_run': different types for formal and actual parameter 4
C:\Users\Shmoozel\source\repos\C\LispInC\mpc.c(1213,76): error C2198: 'mpc_parse_run': too few arguments for call
C:\Users\Shmoozel\source\repos\C\LispInC\mpc.c(1237,1): error C2037: left of 'data' specifies undefined struct/union 'mpc_parser_t'
C:\Users\Shmoozel\source\repos\C\LispInC\mpc.c(1237,1): warning C4022: 'mpc_parse_fold': pointer mismatch for actual parameter 2
C:\Users\Shmoozel\source\repos\C\LispInC\mpc.c(1237,1): warning C4047: 'function': 'int' differs in levels of indirection from 'mpc_val_t **'
C:\Users\Shmoozel\source\repos\C\LispInC\mpc.c(1237,1): warning C4024: 'mpc_parse_fold': different types for formal and actual parameter 3
C:\Users\Shmoozel\source\repos\C\LispInC\mpc.c(1237,1): error C2198: 'mpc_parse_fold': too few arguments for call
C:\Users\Shmoozel\source\repos\C\LispInC\mpc.c(1242,22): error C2037: left of 'data' specifies undefined struct/union 'mpc_parser_t'
C:\Users\Shmoozel\source\repos\C\LispInC\mpc.c(1243,55): error C2037: left of 'data' specifies undefined struct/union 'mpc_parser_t'
C:\Users\Shmoozel\source\repos\C\LispInC\mpc.c(1243,68): error C2198: 'mpc_malloc': too few arguments for call
C:\Users\Shmoozel\source\repos\C\LispInC\mpc.c(1246,36): error C2037: left of 'data' specifies undefined struct/union 'mpc_parser_t'
C:\Users\Shmoozel\source\repos\C\LispInC\mpc.c(1246,62): warning C4133: 'function': incompatible types - from 'mpc_result_t *' to 'mpc_parser_t *'
C:\Users\Shmoozel\source\repos\C\LispInC\mpc.c(1246,65): warning C4047: 'function': 'mpc_result_t *' differs in levels of indirection from 'mpc_err_t **'
C:\Users\Shmoozel\source\repos\C\LispInC\mpc.c(1246,65): warning C4024: 'mpc_parse_run': different types for formal and actual parameter 3
C:\Users\Shmoozel\source\repos\C\LispInC\mpc.c(1246,76): warning C4047: 'function': 'mpc_err_t **' differs in levels of indirection from 'int'
C:\Users\Shmoozel\source\repos\C\LispInC\mpc.c(1246,76): warning C4024: 'mpc_parse_run': different types for formal and actual parameter 4
C:\Users\Shmoozel\source\repos\C\LispInC\mpc.c(1246,76): error C2198: 'mpc_parse_run': too few arguments for call
C:\Users\Shmoozel\source\repos\C\LispInC\mpc.c(1248,25): error C2037: left of 'data' specifies undefined struct/union 'mpc_parser_t'
C:\Users\Shmoozel\source\repos\C\LispInC\mpc.c(1251,21): error C2037: left of 'data' specifies undefined struct/union 'mpc_parser_t'
C:\Users\Shmoozel\source\repos\C\LispInC\mpc.c(1254,1): error C2037: left of 'data' specifies undefined struct/union 'mpc_parser_t'
C:\Users\Shmoozel\source\repos\C\LispInC\mpc.c(1254,1): warning C4022: 'mpc_parse_fold': pointer mismatch for actual parameter 2
C:\Users\Shmoozel\source\repos\C\LispInC\mpc.c(1254,1): warning C4047: 'function': 'int' differs in levels of indirection from 'mpc_val_t **'
C:\Users\Shmoozel\source\repos\C\LispInC\mpc.c(1254,1): warning C4024: 'mpc_parse_fold': different types for formal and actual parameter 3
C:\Users\Shmoozel\source\repos\C\LispInC\mpc.c(1254,1): error C2198: 'mpc_parse_fold': too few arguments for call
C:\Users\Shmoozel\source\repos\C\LispInC\mpc.c(1258,38): error C2037: left of 'data' specifies undefined struct/union 'mpc_parser_t'
C:\Users\Shmoozel\source\repos\C\LispInC\mpc.c(1258,71): error C2198: 'mpc_parse_dtor': too few arguments for call
C:\Users\Shmoozel\source\repos\C\LispInC\mpc.c(1262,1): error C2037: left of 'data' specifies undefined struct/union 'mpc_parser_t'
C:\Users\Shmoozel\source\repos\C\LispInC\mpc.c(1262,1): error C2198: 'mpc_err_count': too few arguments for call
C:\Users\Shmoozel\source\repos\C\LispInC\mpc.c(1269,16): error C2037: left of 'data' specifies undefined struct/union 'mpc_parser_t'
C:\Users\Shmoozel\source\repos\C\LispInC\mpc.c(1271,22): error C2037: left of 'data' specifies undefined struct/union 'mpc_parser_t'
C:\Users\Shmoozel\source\repos\C\LispInC\mpc.c(1272,55): error C2037: left of 'data' specifies undefined struct/union 'mpc_parser_t'
C:\Users\Shmoozel\source\repos\C\LispInC\mpc.c(1272,66): error C2198: 'mpc_malloc': too few arguments for call
C:\Users\Shmoozel\source\repos\C\LispInC\mpc.c(1275,28): error C2037: left of 'data' specifies undefined struct/union 'mpc_parser_t'
C:\Users\Shmoozel\source\repos\C\LispInC\mpc.c(1276,37): error C2037: left of 'data' specifies undefined struct/union 'mpc_parser_t'
C:\Users\Shmoozel\source\repos\C\LispInC\mpc.c(1276,65): warning C4133: 'function': incompatible types - from 'mpc_result_t *' to 'mpc_parser_t *'
C:\Users\Shmoozel\source\repos\C\LispInC\mpc.c(1276,68): warning C4047: 'function': 'mpc_result_t *' differs in levels of indirection from 'mpc_err_t **'
C:\Users\Shmoozel\source\repos\C\LispInC\mpc.c(1276,68): warning C4024: 'mpc_parse_run': different types for formal and actual parameter 3
C:\Users\Shmoozel\source\repos\C\LispInC\mpc.c(1276,79): warning C4047: 'function': 'mpc_err_t **' differs in levels of indirection from 'int'
C:\Users\Shmoozel\source\repos\C\LispInC\mpc.c(1276,79): warning C4024: 'mpc_parse_run': different types for formal and actual parameter 4
C:\Users\Shmoozel\source\repos\C\LispInC\mpc.c(1276,79): error C2198: 'mpc_parse_run': too few arguments for call
C:\Users\Shmoozel\source\repos\C\LispInC\mpc.c(1278,1): error C2037: left of 'data' specifies undefined struct/union 'mpc_parser_t'
C:\Users\Shmoozel\source\repos\C\LispInC\mpc.c(1286,1): error C2037: left of 'data' specifies undefined struct/union 'mpc_parser_t'
C:\Users\Shmoozel\source\repos\C\LispInC\mpc.c(1290,16): error C2037: left of 'data' specifies undefined struct/union 'mpc_parser_t'
C:\Users\Shmoozel\source\repos\C\LispInC\mpc.c(1292,22): error C2037: left of 'data' specifies undefined struct/union 'mpc_parser_t'
C:\Users\Shmoozel\source\repos\C\LispInC\mpc.c(1293,55): error C2037: left of 'data' specifies undefined struct/union 'mpc_parser_t'
C:\Users\Shmoozel\source\repos\C\LispInC\mpc.c(1293,66): error C2198: 'mpc_malloc': too few arguments for call
C:\Users\Shmoozel\source\repos\C\LispInC\mpc.c(1297,28): error C2037: left of 'data' specifies undefined struct/union 'mpc_parser_t'
C:\Users\Shmoozel\source\repos\C\LispInC\mpc.c(1298,38): error C2037: left of 'data' specifies undefined struct/union 'mpc_parser_t'
C:\Users\Shmoozel\source\repos\C\LispInC\mpc.c(1298,67): warning C4133: 'function': incompatible types - from 'mpc_result_t *' to 'mpc_parser_t *'
C:\Users\Shmoozel\source\repos\C\LispInC\mpc.c(1298,70): warning C4047: 'function': 'mpc_result_t *' differs in levels of indirection from 'mpc_err_t **'
C:\Users\Shmoozel\source\repos\C\LispInC\mpc.c(1298,70): warning C4024: 'mpc_parse_run': different types for formal and actual parameter 3
C:\Users\Shmoozel\source\repos\C\LispInC\mpc.c(1298,81): warning C4047: 'function': 'mpc_err_t **' differs in levels of indirection from 'int'
C:\Users\Shmoozel\source\repos\C\LispInC\mpc.c(1298,81): warning C4024: 'mpc_parse_run': different types for formal and actual parameter 4
C:\Users\Shmoozel\source\repos\C\LispInC\mpc.c(1298,81): error C2198: 'mpc_parse_run': too few arguments for call
C:\Users\Shmoozel\source\repos\C\LispInC\mpc.c(1301,42): error C2037: left of 'data' specifies undefined struct/union 'mpc_parser_t'
C:\Users\Shmoozel\source\repos\C\LispInC\mpc.c(1301,78): error C2198: 'mpc_parse_dtor': too few arguments for call
C:\Users\Shmoozel\source\repos\C\LispInC\mpc.c(1304,1): error C2037: left of 'data' specifies undefined struct/union 'mpc_parser_t'
C:\Users\Shmoozel\source\repos\C\LispInC\mpc.c(1310,1): error C2037: left of 'data' specifies undefined struct/union 'mpc_parser_t'
C:\Users\Shmoozel\source\repos\C\LispInC\mpc.c(1310,1): fatal error C1003: error count exceeds 100; stopping compilation
  Source.c
  Generating Code...
